{"API":"loginUser","MESSAGE":"no rows in database","level":"info","message":"","timestamp":"2018-07-16T07:06:58.972Z"}
{"API":"getAppInfoByDeviceId","MESSAGE":"no rows in database","level":"info","message":"","timestamp":"2018-07-18T05:03:45.217Z"}
{"API":"getDeviceInfo","MESSAGE":"no rows in database","level":"info","message":"","timestamp":"2018-07-18T05:11:02.466Z"}
{"API":"userTokenUpdate","MESSAGE":"no rows in database","level":"info","message":"","timestamp":"2018-07-18T10:34:38.396Z"}
{"API":"userTokenUpdate","MESSAGE":"no rows in database","level":"info","message":"","timestamp":"2018-07-18T10:41:33.742Z"}
{"API":"userTokenUpdate","MESSAGE":"no rows in database","level":"info","message":"","timestamp":"2018-07-18T10:48:36.333Z"}
{"API":"userTokenUpdate","MESSAGE":"no rows in database","level":"info","message":"","timestamp":"2018-07-19T10:07:57.759Z"}
{"API":"userTokenUpdate","MESSAGE":"no rows in database","level":"info","message":"","timestamp":"2018-07-19T10:17:14.364Z"}
{"API":"userTokenUpdate","MESSAGE":"no rows in database","level":"info","message":"","timestamp":"2018-07-19T12:01:23.251Z"}
{"API":"getAppInfoByDeviceId","MESSAGE":"no rows in database","level":"info","message":"","timestamp":"2018-09-08T09:46:22.785Z"}
{"API":"userTokenUpdate","MESSAGE":"no rows in database","level":"info","message":"","timestamp":"2018-09-08T10:01:05.879Z"}
{"API":"userTokenUpdate","MESSAGE":"no rows in database","level":"info","message":"","timestamp":"2018-09-10T10:05:01.924Z"}
{"API":"getAppInfoByDeviceId","MESSAGE":"no rows in database","level":"info","message":"","timestamp":"2018-09-10T10:06:19.150Z"}
{"API":"getAppInfoByDeviceId","MESSAGE":"no rows in database","level":"info","message":"","timestamp":"2018-09-10T10:06:36.721Z"}
{"API":"getAppInfoByDeviceId","MESSAGE":"no rows in database","level":"info","message":"","timestamp":"2018-09-10T10:10:19.134Z"}
{"API":"getAppInfoByDeviceId","MESSAGE":"no rows in database","level":"info","message":"","timestamp":"2018-09-10T10:10:22.439Z"}
{"API":"getAppInfoByDeviceId","MESSAGE":"no rows in database","level":"info","message":"","timestamp":"2018-09-10T10:10:49.936Z"}
{"API":"getAppInfoByDeviceId","MESSAGE":"no rows in database","level":"info","message":"","timestamp":"2018-09-10T10:10:53.368Z"}
{"API":"getAppInfoByDeviceId","MESSAGE":"no rows in database","level":"info","message":"","timestamp":"2018-09-10T10:11:03.630Z"}
{"API":"getAppInfoByDeviceId","MESSAGE":"no rows in database","level":"info","message":"","timestamp":"2018-09-10T10:11:28.148Z"}
{"API":"getAppInfoByDeviceId","MESSAGE":"no rows in database","level":"info","message":"","timestamp":"2018-09-10T10:11:44.496Z"}
{"API":"getAppInfoByDeviceId","MESSAGE":"no rows in database","level":"info","message":"","timestamp":"2018-09-10T10:12:21.572Z"}
{"API":"getAppInfoByDeviceId","MESSAGE":"no rows in database","level":"info","message":"","timestamp":"2018-09-10T10:13:02.833Z"}
{"API":"getAppInfoByDeviceId","MESSAGE":"no rows in database","level":"info","message":"","timestamp":"2018-09-10T10:13:52.138Z"}
{"API":"getAppInfoByDeviceId","MESSAGE":"no rows in database","level":"info","message":"","timestamp":"2018-09-10T10:13:55.755Z"}
{"API":"getAppInfoByDeviceId","MESSAGE":"no rows in database","level":"info","message":"","timestamp":"2018-09-10T10:17:07.035Z"}
{"API":"getAppInfoByDeviceId","MESSAGE":"no rows in database","level":"info","message":"","timestamp":"2018-09-10T10:17:38.107Z"}
{"API":"getAppInfoByDeviceId","MESSAGE":"no rows in database","level":"info","message":"","timestamp":"2018-09-10T10:17:42.168Z"}
{"API":"getAppInfoByDeviceId","MESSAGE":"no rows in database","level":"info","message":"","timestamp":"2018-09-10T10:17:46.652Z"}
{"API":"getAppInfoByDeviceId","MESSAGE":"no rows in database","level":"info","message":"","timestamp":"2018-09-10T10:17:50.194Z"}
{"API":"userTokenUpdate","MESSAGE":"no rows in database","level":"info","message":"","timestamp":"2018-09-10T10:29:01.898Z"}
{"API":"getAppInfoByDeviceId","MESSAGE":"no rows in database","level":"info","message":"","timestamp":"2018-09-10T11:06:26.529Z"}
{"API":"getAppInfoByDeviceId","MESSAGE":"no rows in database","level":"info","message":"","timestamp":"2018-09-10T11:06:42.626Z"}
{"API":"getAppInfoByDeviceId","MESSAGE":"no rows in database","level":"info","message":"","timestamp":"2018-09-10T11:06:58.791Z"}
{"API":"getAppInfoByDeviceId","MESSAGE":"no rows in database","level":"info","message":"","timestamp":"2018-09-10T11:07:02.338Z"}
{"API":"getAppInfoByDeviceId","MESSAGE":"no rows in database","level":"info","message":"","timestamp":"2018-09-10T11:07:05.800Z"}
{"API":"getAppInfoByDeviceId","MESSAGE":"no rows in database","level":"info","message":"","timestamp":"2018-09-10T11:07:25.533Z"}
{"API":"getAppInfoByDeviceId","MESSAGE":"no rows in database","level":"info","message":"","timestamp":"2018-09-10T11:07:51.971Z"}
{"API":"userTokenUpdate","MESSAGE":"no rows in database","level":"info","message":"","timestamp":"2018-09-10T11:23:15.680Z"}
{"API":"userTokenUpdate","MESSAGE":"no rows in database","level":"info","message":"","timestamp":"2018-09-10T11:27:28.859Z"}
{"API":"userTokenUpdate","MESSAGE":"no rows in database","level":"info","message":"","timestamp":"2018-09-10T11:32:17.823Z"}
{"API":"getAppInfoByDeviceId","MESSAGE":"no rows in database","level":"info","message":"","timestamp":"2018-09-10T11:32:42.875Z"}
{"API":"userTokenUpdate","MESSAGE":"no rows in database","level":"info","message":"","timestamp":"2018-09-10T11:45:05.940Z"}
{"API":"userTokenUpdate","MESSAGE":"no rows in database","level":"info","message":"","timestamp":"2018-09-10T11:48:19.987Z"}
{"API":"getUserInfo","MESSAGE":"no rows in database","level":"info","message":"","timestamp":"2018-09-10T11:54:14.210Z"}
{"API":"getUserInfo","MESSAGE":"no rows in database","level":"info","message":"","timestamp":"2018-09-10T11:54:14.473Z"}
{"API":"getAppInfoByDeviceId","MESSAGE":"no rows in database","level":"info","message":"","timestamp":"2018-09-10T11:59:28.131Z"}
{"API":"getAppInfoByDeviceId","MESSAGE":"no rows in database","level":"info","message":"","timestamp":"2018-09-10T11:59:32.307Z"}
{"API":"getAppInfoByDeviceId","MESSAGE":"no rows in database","level":"info","message":"","timestamp":"2018-09-10T11:59:39.271Z"}
{"API":"getAppInfoByDeviceId","MESSAGE":"no rows in database","level":"info","message":"","timestamp":"2018-09-10T11:59:56.542Z"}
{"API":"getAppInfoByDeviceId","MESSAGE":"no rows in database","level":"info","message":"","timestamp":"2018-09-10T12:00:02.089Z"}
{"API":"getAppInfoByDeviceId","MESSAGE":"no rows in database","level":"info","message":"","timestamp":"2018-09-10T12:00:46.177Z"}
{"API":"appInsert","MESSAGE":{"code":"ER_PARSE_ERROR","errno":1064,"sqlState":"42000","sqlMessage":"You have an error in your SQL syntax; check the manual that corresponds to your MySQL server version for the right syntax to use near ' `name` = 'newapp', `version` = '', `icon` = '', `device_id` = 'fbc05c11a68ff65a' at line 1"},"level":"info","message":"","timestamp":"2018-09-11T06:52:24.844Z"}
{"API":"getAppInfoByDeviceId","MESSAGE":"no rows in database","level":"info","message":"","timestamp":"2018-09-11T11:52:02.345Z"}
{"API":"getAppInfoByDeviceId","MESSAGE":"no rows in database","level":"info","message":"","timestamp":"2018-09-11T11:53:37.759Z"}
{"API":"getAppInfoByDeviceId","MESSAGE":"no rows in database","level":"info","message":"","timestamp":"2018-09-11T11:55:00.184Z"}
{"API":"getAppInfoByDeviceId","MESSAGE":"no rows in database","level":"info","message":"","timestamp":"2018-09-11T12:01:48.099Z"}
{"API":"getAppInfoByDeviceId","MESSAGE":"no rows in database","level":"info","message":"","timestamp":"2018-09-11T12:05:45.720Z"}
